# JRE version: Java(TM) SE Runtime Environment (17.0.6+9) (build 17.0.6+9-LTS-190)
# Java VM: Java HotSpot(TM) 64-Bit Server VM (17.0.6+9-LTS-190, mixed mode, sharing, tiered, compressed oops, compressed class ptrs, g1 gc, windows-amd64)
GC Precious Log:
 CPUs: 4 total, 4 available
 Memory: 3970M
 Large Page Support: Disabled
 NUMA Support: Disabled
 Compressed Oops: Enabled (32-bit)
 Heap Region Size: 1M
 Heap Min Capacity: 8M
 Heap Initial Capacity: 64M
 Heap Max Capacity: 994M
 Pre-touch: Disabled
 Parallel Workers: 4
 Concurrent Workers: 1
 Concurrent Refinement Workers: 4
 Periodic GC: Disabled
Heap:
 garbage-first heap   total 70656K, used 38091K [0x00000000c1e00000, 0x0000000100000000)
  region size 1024K, 2 young (2048K), 2 survivors (2048K)
 Metaspace       used 28003K, committed 28352K, reserved 1081344K
  class space    used 3126K, committed 3264K, reserved 1048576K
GC Heap History (20 events):
Event: 34.472 GC heap after
{Heap after GC invocations=13 (full 0):
 garbage-first heap   total 65536K, used 34179K [0x00000000c1e00000, 0x0000000100000000)
  region size 1024K, 2 young (2048K), 2 survivors (2048K)
 Metaspace       used 27218K, committed 27584K, reserved 1081344K
  class space    used 3093K, committed 3264K, reserved 1048576K
}
Event: 34.617 GC heap before
{Heap before GC invocations=13 (full 0):
 garbage-first heap   total 65536K, used 34179K [0x00000000c1e00000, 0x0000000100000000)
  region size 1024K, 3 young (3072K), 2 survivors (2048K)
 Metaspace       used 27225K, committed 27584K, reserved 1081344K
  class space    used 3093K, committed 3264K, reserved 1048576K
}
Event: 34.623 GC heap after
{Heap after GC invocations=14 (full 0):
 garbage-first heap   total 65536K, used 34139K [0x00000000c1e00000, 0x0000000100000000)
  region size 1024K, 2 young (2048K), 2 survivors (2048K)
 Metaspace       used 27225K, committed 27584K, reserved 1081344K
  class space    used 3093K, committed 3264K, reserved 1048576K
}
Event: 36.100 GC heap before
{Heap before GC invocations=15 (full 0):
 garbage-first heap   total 65536K, used 49499K [0x00000000c1e00000, 0x0000000100000000)
  region size 1024K, 18 young (18432K), 2 survivors (2048K)
 Metaspace       used 27293K, committed 27648K, reserved 1081344K
  class space    used 3094K, committed 3264K, reserved 1048576K
}
Event: 36.120 GC heap after
{Heap after GC invocations=16 (full 0):
 garbage-first heap   total 65536K, used 42146K [0x00000000c1e00000, 0x0000000100000000)
  region size 1024K, 3 young (3072K), 3 survivors (3072K)
 Metaspace       used 27293K, committed 27648K, reserved 1081344K
  class space    used 3094K, committed 3264K, reserved 1048576K
}
Event: 36.141 GC heap before
{Heap before GC invocations=16 (full 0):
 garbage-first heap   total 65536K, used 43170K [0x00000000c1e00000, 0x0000000100000000)
  region size 1024K, 4 young (4096K), 3 survivors (3072K)
 Metaspace       used 27296K, committed 27648K, reserved 1081344K
  class space    used 3094K, committed 3264K, reserved 1048576K
}
Event: 36.156 GC heap after
{Heap after GC invocations=17 (full 0):
 garbage-first heap   total 65536K, used 38331K [0x00000000c1e00000, 0x0000000100000000)
  region size 1024K, 1 young (1024K), 1 survivors (1024K)
 Metaspace       used 27296K, committed 27648K, reserved 1081344K
  class space    used 3094K, committed 3264K, reserved 1048576K
}
Event: 37.225 GC heap before
{Heap before GC invocations=17 (full 0):
 garbage-first heap   total 65536K, used 48571K [0x00000000c1e00000, 0x0000000100000000)
  region size 1024K, 11 young (11264K), 1 survivors (1024K)
 Metaspace       used 27315K, committed 27648K, reserved 1081344K
  class space    used 3094K, committed 3264K, reserved 1048576K
}
Event: 37.233 GC heap after
{Heap after GC invocations=18 (full 0):
 garbage-first heap   total 65536K, used 42415K [0x00000000c1e00000, 0x0000000100000000)
  region size 1024K, 2 young (2048K), 2 survivors (2048K)
 Metaspace       used 27315K, committed 27648K, reserved 1081344K
  class space    used 3094K, committed 3264K, reserved 1048576K
}
Event: 39.464 GC heap before
{Heap before GC invocations=19 (full 0):
 garbage-first heap   total 70656K, used 48559K [0x00000000c1e00000, 0x0000000100000000)
  region size 1024K, 10 young (10240K), 2 survivors (2048K)
 Metaspace       used 26096K, committed 26624K, reserved 1081344K
  class space    used 2923K, committed 3200K, reserved 1048576K
}
Event: 39.471 GC heap after
{Heap after GC invocations=20 (full 0):
 garbage-first heap   total 70656K, used 41279K [0x00000000c1e00000, 0x0000000100000000)
  region size 1024K, 1 young (1024K), 1 survivors (1024K)
 Metaspace       used 26096K, committed 26624K, reserved 1081344K
  class space    used 2923K, committed 3200K, reserved 1048576K
}
Event: 39.569 GC heap before
{Heap before GC invocations=20 (full 0):
 garbage-first heap   total 70656K, used 42303K [0x00000000c1e00000, 0x0000000100000000)
  region size 1024K, 3 young (3072K), 1 survivors (1024K)
 Metaspace       used 26148K, committed 26624K, reserved 1081344K
  class space    used 2937K, committed 3200K, reserved 1048576K
}
Event: 39.576 GC heap after
{Heap after GC invocations=21 (full 0):
 garbage-first heap   total 70656K, used 37646K [0x00000000c1e00000, 0x0000000100000000)
  region size 1024K, 1 young (1024K), 1 survivors (1024K)
 Metaspace       used 26148K, committed 26624K, reserved 1081344K
  class space    used 2937K, committed 3200K, reserved 1048576K
}
Event: 40.868 GC heap before
{Heap before GC invocations=21 (full 0):
 garbage-first heap   total 70656K, used 50958K [0x00000000c1e00000, 0x0000000100000000)
  region size 1024K, 15 young (15360K), 1 survivors (1024K)
 Metaspace       used 26862K, committed 27200K, reserved 1081344K
  class space    used 3032K, committed 3200K, reserved 1048576K
}
Event: 40.870 GC heap after
{Heap after GC invocations=22 (full 0):
 garbage-first heap   total 70656K, used 37698K [0x00000000c1e00000, 0x0000000100000000)
  region size 1024K, 1 young (1024K), 1 survivors (1024K)
 Metaspace       used 26862K, committed 27200K, reserved 1081344K
  class space    used 3032K, committed 3200K, reserved 1048576K
}
Event: 42.747 GC heap before
{Heap before GC invocations=23 (full 0):
 garbage-first heap   total 70656K, used 52034K [0x00000000c1e00000, 0x0000000100000000)
  region size 1024K, 16 young (16384K), 1 survivors (1024K)
 Metaspace       used 27118K, committed 27456K, reserved 1081344K
  class space    used 3057K, committed 3200K, reserved 1048576K
}
Event: 42.753 GC heap after
{Heap after GC invocations=24 (full 0):
 garbage-first heap   total 70656K, used 38398K [0x00000000c1e00000, 0x0000000100000000)
  region size 1024K, 1 young (1024K), 1 survivors (1024K)
 Metaspace       used 27118K, committed 27456K, reserved 1081344K
  class space    used 3057K, committed 3200K, reserved 1048576K
}
Event: 42.876 GC heap before
{Heap before GC invocations=24 (full 0):
 garbage-first heap   total 70656K, used 40446K [0x00000000c1e00000, 0x0000000100000000)
  region size 1024K, 3 young (3072K), 1 survivors (1024K)
 Metaspace       used 27127K, committed 27456K, reserved 1081344K
  class space    used 3057K, committed 3200K, reserved 1048576K
}
Event: 42.883 GC heap after
{Heap after GC invocations=25 (full 0):
 garbage-first heap   total 70656K, used 37228K [0x00000000c1e00000, 0x0000000100000000)
  region size 1024K, 1 young (1024K), 1 survivors (1024K)
 Metaspace       used 27127K, committed 27456K, reserved 1081344K
  class space    used 3057K, committed 3200K, reserved 1048576K
}
Event: 44.665 GC heap before
{Heap before GC invocations=25 (full 0):
 garbage-first heap   total 70656K, used 53612K [0x00000000c1e00000, 0x0000000100000000)
  region size 1024K, 17 young (17408K), 1 survivors (1024K)
 Metaspace       used 28003K, committed 28352K, reserved 1081344K
  class space    used 3126K, committed 3264K, reserved 1048576K
}

